elileen--2021-04-15 10:59:41,512--INFO--打开quote网址
elileen--2021-04-15 10:59:42,721--INFO--输入用户名:
elileen--2021-04-15 10:59:42,983--INFO--输入密码:
elileen--2021-04-15 10:59:43,175--INFO--点击提交
elileen--2021-04-15 10:59:53,583--INFO--打开quote网址
elileen--2021-04-15 10:59:54,684--INFO--输入用户名:lili
elileen--2021-04-15 10:59:55,019--INFO--输入密码:
elileen--2021-04-15 10:59:55,179--INFO--点击提交
elileen--2021-04-15 11:00:02,636--INFO--打开quote网址
elileen--2021-04-15 11:00:03,372--INFO--输入用户名:lili
elileen--2021-04-15 11:00:03,781--INFO--输入密码:lili
elileen--2021-04-15 11:00:03,993--INFO--点击提交
elileen--2021-04-15 11:00:10,750--INFO--打开quote网址
elileen--2021-04-15 11:00:11,174--INFO--输入用户名:lili
elileen--2021-04-15 11:00:11,452--INFO--输入密码:lili1234
elileen--2021-04-15 11:00:11,654--INFO--点击提交
elileen--2021-04-15 11:17:15,014--INFO--打开quote网址
elileen--2021-04-15 11:17:15,531--INFO--输入用户名:
elileen--2021-04-15 11:17:15,747--INFO--输入密码:
elileen--2021-04-15 11:17:15,953--INFO--点击提交
elileen--2021-04-15 11:17:22,749--INFO--打开quote网址
elileen--2021-04-15 11:17:23,054--INFO--输入用户名:lili
elileen--2021-04-15 11:17:23,338--INFO--输入密码:
elileen--2021-04-15 11:17:23,487--INFO--点击提交
elileen--2021-04-15 11:17:28,481--INFO--打开quote网址
elileen--2021-04-15 11:17:28,770--INFO--输入用户名:lili
elileen--2021-04-15 11:17:29,016--INFO--输入密码:lili
elileen--2021-04-15 11:17:29,155--INFO--点击提交
elileen--2021-04-15 11:17:34,442--INFO--打开quote网址
elileen--2021-04-15 11:17:34,772--INFO--输入用户名:lili
elileen--2021-04-15 11:17:35,036--INFO--输入密码:lili1234
elileen--2021-04-15 11:17:35,256--INFO--点击提交
elileen--2021-04-15 11:20:53,030--INFO--打开quote网址
elileen--2021-04-15 11:20:53,350--INFO--输入用户名:
elileen--2021-04-15 11:20:53,567--INFO--输入密码:
elileen--2021-04-15 11:20:53,673--INFO--点击提交
elileen--2021-04-15 11:20:59,023--INFO--打开quote网址
elileen--2021-04-15 11:20:59,387--INFO--输入用户名:lili
elileen--2021-04-15 11:20:59,669--INFO--输入密码:
elileen--2021-04-15 11:20:59,847--INFO--点击提交
elileen--2021-04-15 11:21:05,774--INFO--打开quote网址
elileen--2021-04-15 11:21:06,022--INFO--输入用户名:lili
elileen--2021-04-15 11:21:06,285--INFO--输入密码:lili
elileen--2021-04-15 11:21:06,477--INFO--点击提交
elileen--2021-04-15 11:21:11,596--INFO--打开quote网址
elileen--2021-04-15 11:21:11,871--INFO--输入用户名:lili
elileen--2021-04-15 11:21:12,125--INFO--输入密码:lili1234
elileen--2021-04-15 11:21:12,335--INFO--点击提交
elileen--2021-04-15 11:30:32,283--INFO--打开quote网址
elileen--2021-04-15 11:30:32,930--INFO--输入用户名:
elileen--2021-04-15 11:30:35,460--INFO--输入密码:
elileen--2021-04-15 11:30:35,694--INFO--点击提交
elileen--2021-04-15 11:30:44,074--INFO--打开quote网址
elileen--2021-04-15 11:30:44,729--INFO--输入用户名:lili
elileen--2021-04-15 11:30:45,034--INFO--输入密码:
elileen--2021-04-15 11:30:45,170--INFO--点击提交
elileen--2021-04-15 11:30:52,113--INFO--打开quote网址
elileen--2021-04-15 11:30:52,681--INFO--输入用户名:lili
elileen--2021-04-15 11:30:52,847--INFO--输入密码:lili
elileen--2021-04-15 11:30:52,989--INFO--点击提交
elileen--2021-04-15 11:30:58,175--INFO--打开quote网址
elileen--2021-04-15 11:30:58,594--INFO--输入用户名:lili
elileen--2021-04-15 11:30:58,884--INFO--输入密码:lili1234
elileen--2021-04-15 11:30:59,204--INFO--点击提交
elileen--2021-04-15 11:33:39,409--INFO--打开quote网址
elileen--2021-04-15 11:33:39,691--INFO--输入用户名:
elileen--2021-04-15 11:33:39,932--INFO--输入密码:
elileen--2021-04-15 11:33:40,036--INFO--点击提交
elileen--2021-04-15 11:33:45,857--INFO--打开quote网址
elileen--2021-04-15 11:33:46,291--INFO--输入用户名:lili
elileen--2021-04-15 11:33:46,579--INFO--输入密码:
elileen--2021-04-15 11:33:46,720--INFO--点击提交
elileen--2021-04-15 11:33:51,994--INFO--打开quote网址
elileen--2021-04-15 11:33:52,438--INFO--输入用户名:lili
elileen--2021-04-15 11:33:52,727--INFO--输入密码:lili
elileen--2021-04-15 11:33:53,027--INFO--点击提交
elileen--2021-04-15 11:34:00,112--INFO--打开quote网址
elileen--2021-04-15 11:34:00,502--INFO--输入用户名:lili
elileen--2021-04-15 11:34:00,786--INFO--输入密码:lili1234
elileen--2021-04-15 11:34:01,034--INFO--点击提交
elileen--2021-04-15 11:38:25,744--INFO--打开quote网址
elileen--2021-04-15 11:38:26,072--INFO--输入用户名:
elileen--2021-04-15 11:38:26,302--INFO--输入密码:
elileen--2021-04-15 11:38:26,415--INFO--点击提交
elileen--2021-04-15 11:38:31,658--INFO--打开quote网址
elileen--2021-04-15 11:38:32,164--INFO--输入用户名:lili
elileen--2021-04-15 11:38:32,441--INFO--输入密码:
elileen--2021-04-15 11:38:32,591--INFO--点击提交
elileen--2021-04-15 11:38:39,022--INFO--打开quote网址
elileen--2021-04-15 11:38:39,281--INFO--输入用户名:lili
elileen--2021-04-15 11:38:39,521--INFO--输入密码:lili
elileen--2021-04-15 11:38:39,646--INFO--点击提交
elileen--2021-04-15 11:38:44,952--INFO--打开quote网址
elileen--2021-04-15 11:38:45,256--INFO--输入用户名:lili
elileen--2021-04-15 11:38:45,531--INFO--输入密码:lili1234
elileen--2021-04-15 11:38:45,775--INFO--点击提交
elileen--2021-04-15 14:05:47,868--INFO--打开quote网址
elileen--2021-04-15 14:05:48,404--INFO--输入用户名:
elileen--2021-04-15 14:05:48,623--INFO--输入密码:
elileen--2021-04-15 14:05:48,727--INFO--点击提交
elileen--2021-04-15 14:05:53,995--INFO--打开quote网址
elileen--2021-04-15 14:05:54,224--INFO--输入用户名:lili
elileen--2021-04-15 14:05:54,457--INFO--输入密码:
elileen--2021-04-15 14:05:54,546--INFO--点击提交
elileen--2021-04-15 14:05:59,791--INFO--打开quote网址
elileen--2021-04-15 14:06:00,257--INFO--输入用户名:lili
elileen--2021-04-15 14:06:00,481--INFO--输入密码:lili
elileen--2021-04-15 14:06:00,645--INFO--点击提交
elileen--2021-04-15 14:06:06,825--INFO--打开quote网址
elileen--2021-04-15 14:06:07,115--INFO--输入用户名:lili
elileen--2021-04-15 14:06:07,341--INFO--输入密码:lili1234
elileen--2021-04-15 14:06:07,598--INFO--点击提交
