elileen--2021-04-14 15:44:25,883--INFO--打开quote网址
elileen--2021-04-14 15:44:26,181--INFO--输入用户名:lili
elileen--2021-04-14 15:44:26,436--INFO--输入密码:
elileen--2021-04-14 15:44:26,560--INFO--点击提交
elileen--2021-04-14 15:48:04,119--INFO--打开quote网址
elileen--2021-04-14 15:48:04,406--INFO--输入用户名:
elileen--2021-04-14 15:48:04,655--INFO--输入密码:
elileen--2021-04-14 15:48:04,849--INFO--点击提交
elileen--2021-04-14 16:28:22,494--INFO--打开quote网址
elileen--2021-04-14 16:28:23,422--INFO--输入用户名:
elileen--2021-04-14 16:28:23,747--INFO--输入密码:
elileen--2021-04-14 16:28:23,917--INFO--点击提交
elileen--2021-04-14 16:28:31,042--INFO--打开quote网址
elileen--2021-04-14 16:28:31,302--INFO--输入用户名:lili
elileen--2021-04-14 16:28:31,535--INFO--输入密码:
elileen--2021-04-14 16:28:31,642--INFO--点击提交
elileen--2021-04-14 16:28:36,948--INFO--打开quote网址
elileen--2021-04-14 16:28:37,258--INFO--输入用户名:lili
elileen--2021-04-14 16:28:37,519--INFO--输入密码:lili
elileen--2021-04-14 16:28:37,723--INFO--点击提交
elileen--2021-04-14 16:28:43,611--INFO--打开quote网址
elileen--2021-04-14 16:28:43,952--INFO--输入用户名:lili
elileen--2021-04-14 16:28:44,225--INFO--输入密码:lili1234
elileen--2021-04-14 16:28:44,442--INFO--点击提交
elileen--2021-04-14 16:41:05,938--INFO--打开quote网址
elileen--2021-04-14 16:41:06,440--INFO--输入用户名:
elileen--2021-04-14 16:41:06,745--INFO--输入密码:
elileen--2021-04-14 16:41:07,129--INFO--点击提交
elileen--2021-04-14 16:41:15,355--INFO--打开quote网址
elileen--2021-04-14 16:41:15,768--INFO--输入用户名:lili
elileen--2021-04-14 16:41:16,043--INFO--输入密码:
elileen--2021-04-14 16:41:16,189--INFO--点击提交
elileen--2021-04-14 16:41:22,985--INFO--打开quote网址
elileen--2021-04-14 16:41:23,437--INFO--输入用户名:lili
elileen--2021-04-14 16:41:23,754--INFO--输入密码:lili
elileen--2021-04-14 16:41:23,969--INFO--点击提交
elileen--2021-04-14 16:41:30,666--INFO--打开quote网址
elileen--2021-04-14 16:41:31,462--INFO--输入用户名:lili
elileen--2021-04-14 16:41:32,241--INFO--输入密码:lili1234
elileen--2021-04-14 16:41:32,739--INFO--点击提交
elileen--2021-04-14 16:50:05,894--INFO--打开quote网址
elileen--2021-04-14 16:50:06,159--INFO--输入用户名:
elileen--2021-04-14 16:50:06,389--INFO--输入密码:
elileen--2021-04-14 16:50:06,504--INFO--点击提交
elileen--2021-04-14 16:50:12,345--INFO--打开quote网址
elileen--2021-04-14 16:50:12,832--INFO--输入用户名:lili
elileen--2021-04-14 16:50:13,125--INFO--输入密码:
elileen--2021-04-14 16:50:13,274--INFO--点击提交
elileen--2021-04-14 16:50:19,108--INFO--打开quote网址
elileen--2021-04-14 16:50:19,383--INFO--输入用户名:lili
elileen--2021-04-14 16:50:19,625--INFO--输入密码:lili
elileen--2021-04-14 16:50:19,785--INFO--点击提交
elileen--2021-04-14 16:50:25,727--INFO--打开quote网址
elileen--2021-04-14 16:50:26,125--INFO--输入用户名:lili
elileen--2021-04-14 16:50:26,395--INFO--输入密码:lili1234
elileen--2021-04-14 16:50:26,609--INFO--点击提交
elileen--2021-04-14 16:53:50,507--INFO--打开quote网址
elileen--2021-04-14 16:53:50,871--INFO--输入用户名:
elileen--2021-04-14 16:53:51,106--INFO--输入密码:
elileen--2021-04-14 16:53:51,276--INFO--点击提交
elileen--2021-04-14 16:55:00,665--INFO--打开quote网址
elileen--2021-04-14 16:55:00,923--INFO--输入用户名:
elileen--2021-04-14 16:55:01,136--INFO--输入密码:
elileen--2021-04-14 16:55:01,237--INFO--点击提交
elileen--2021-04-14 16:55:06,500--INFO--打开quote网址
elileen--2021-04-14 16:55:06,759--INFO--输入用户名:lili
elileen--2021-04-14 16:55:07,005--INFO--输入密码:
elileen--2021-04-14 16:55:07,104--INFO--点击提交
elileen--2021-04-14 16:55:13,407--INFO--打开quote网址
elileen--2021-04-14 16:55:13,708--INFO--输入用户名:lili
elileen--2021-04-14 16:55:13,924--INFO--输入密码:lili
elileen--2021-04-14 16:55:14,185--INFO--点击提交
elileen--2021-04-14 16:55:19,479--INFO--打开quote网址
elileen--2021-04-14 16:55:19,727--INFO--输入用户名:lili
elileen--2021-04-14 16:55:19,984--INFO--输入密码:lili1234
elileen--2021-04-14 16:55:20,160--INFO--点击提交
elileen--2021-04-14 17:15:36,416--INFO--打开quote网址
elileen--2021-04-14 17:15:37,063--INFO--输入用户名:
elileen--2021-04-14 17:15:37,312--INFO--输入密码:
elileen--2021-04-14 17:15:37,451--INFO--点击提交
elileen--2021-04-14 17:15:43,242--INFO--打开quote网址
elileen--2021-04-14 17:15:43,505--INFO--输入用户名:lili
elileen--2021-04-14 17:15:43,747--INFO--输入密码:
elileen--2021-04-14 17:15:43,863--INFO--点击提交
elileen--2021-04-14 17:15:48,660--INFO--打开quote网址
elileen--2021-04-14 17:15:48,947--INFO--输入用户名:lili
elileen--2021-04-14 17:15:49,200--INFO--输入密码:lili
elileen--2021-04-14 17:15:49,359--INFO--点击提交
elileen--2021-04-14 17:15:54,407--INFO--打开quote网址
elileen--2021-04-14 17:15:54,712--INFO--输入用户名:lili
elileen--2021-04-14 17:15:54,967--INFO--输入密码:lili1234
elileen--2021-04-14 17:15:55,187--INFO--点击提交
